  main.cpp
  ofApp.cpp
  polygon.cpp
C:\Users\JYJang\Desktop\univ\7\CS1\6\of_v0.12.0_vs_release\of_v0.12.0_vs_release\libs\openFrameworks\utils\ofUtils.h(1,1): warning C4819: 현재 코드 페이지(949)에서 표시할 수 없는 문자가 파일에 들어 있습니다. 데이터가 손실되지 않게 하려면 해당 파일을 유니코드 형식으로 저장하십시오. (소스 파일 컴파일 중 src\ofApp.cpp)
C:\Users\JYJang\Desktop\univ\7\CS1\6\of_v0.12.0_vs_release\of_v0.12.0_vs_release\libs\openFrameworks\utils\ofUtils.h(1,1): warning C4819: 현재 코드 페이지(949)에서 표시할 수 없는 문자가 파일에 들어 있습니다. 데이터가 손실되지 않게 하려면 해당 파일을 유니코드 형식으로 저장하십시오. (소스 파일 컴파일 중 src\polygon.cpp)
C:\Users\JYJang\Desktop\univ\7\CS1\6\of_v0.12.0_vs_release\of_v0.12.0_vs_release\libs\openFrameworks\utils\ofUtils.h(1,1): warning C4819: 현재 코드 페이지(949)에서 표시할 수 없는 문자가 파일에 들어 있습니다. 데이터가 손실되지 않게 하려면 해당 파일을 유니코드 형식으로 저장하십시오. (소스 파일 컴파일 중 src\main.cpp)
C:\Users\JYJang\Desktop\univ\7\CS1\6\of_v0.12.0_vs_release\of_v0.12.0_vs_release\libs\openFrameworks\math\ofVec3f.h(1,1): warning C4819: 현재 코드 페이지(949)에서 표시할 수 없는 문자가 파일에 들어 있습니다. 데이터가 손실되지 않게 하려면 해당 파일을 유니코드 형식으로 저장하십시오. (소스 파일 컴파일 중 src\ofApp.cpp)
C:\Users\JYJang\Desktop\univ\7\CS1\6\of_v0.12.0_vs_release\of_v0.12.0_vs_release\libs\openFrameworks\math\ofVec2f.h(1,1): warning C4819: 현재 코드 페이지(949)에서 표시할 수 없는 문자가 파일에 들어 있습니다. 데이터가 손실되지 않게 하려면 해당 파일을 유니코드 형식으로 저장하십시오. (소스 파일 컴파일 중 src\ofApp.cpp)
C:\Users\JYJang\Desktop\univ\7\CS1\6\of_v0.12.0_vs_release\of_v0.12.0_vs_release\libs\openFrameworks\math\ofVec3f.h(1,1): warning C4819: 현재 코드 페이지(949)에서 표시할 수 없는 문자가 파일에 들어 있습니다. 데이터가 손실되지 않게 하려면 해당 파일을 유니코드 형식으로 저장하십시오. (소스 파일 컴파일 중 src\polygon.cpp)
C:\Users\JYJang\Desktop\univ\7\CS1\6\of_v0.12.0_vs_release\of_v0.12.0_vs_release\libs\openFrameworks\math\ofVec2f.h(1,1): warning C4819: 현재 코드 페이지(949)에서 표시할 수 없는 문자가 파일에 들어 있습니다. 데이터가 손실되지 않게 하려면 해당 파일을 유니코드 형식으로 저장하십시오. (소스 파일 컴파일 중 src\polygon.cpp)
C:\Users\JYJang\Desktop\univ\7\CS1\6\of_v0.12.0_vs_release\of_v0.12.0_vs_release\libs\openFrameworks\math\ofVec3f.h(1,1): warning C4819: 현재 코드 페이지(949)에서 표시할 수 없는 문자가 파일에 들어 있습니다. 데이터가 손실되지 않게 하려면 해당 파일을 유니코드 형식으로 저장하십시오. (소스 파일 컴파일 중 src\main.cpp)
C:\Users\JYJang\Desktop\univ\7\CS1\6\of_v0.12.0_vs_release\of_v0.12.0_vs_release\libs\openFrameworks\math\ofVec2f.h(1,1): warning C4819: 현재 코드 페이지(949)에서 표시할 수 없는 문자가 파일에 들어 있습니다. 데이터가 손실되지 않게 하려면 해당 파일을 유니코드 형식으로 저장하십시오. (소스 파일 컴파일 중 src\main.cpp)
C:\Users\JYJang\Desktop\univ\7\CS1\6\of_v0.12.0_vs_release\of_v0.12.0_vs_release\libs\openFrameworks\math\ofMatrix4x4.h(326,20): warning C4267: '인수': 'size_t'에서 'int'(으)로 변환하면서 데이터가 손실될 수 있습니다. (소스 파일 컴파일 중 src\ofApp.cpp)
C:\Users\JYJang\Desktop\univ\7\CS1\6\of_v0.12.0_vs_release\of_v0.12.0_vs_release\libs\openFrameworks\math\ofMatrix4x4.h(331,20): warning C4267: '인수': 'size_t'에서 'int'(으)로 변환하면서 데이터가 손실될 수 있습니다. (소스 파일 컴파일 중 src\ofApp.cpp)
C:\Users\JYJang\Desktop\univ\7\CS1\6\of_v0.12.0_vs_release\of_v0.12.0_vs_release\libs\openFrameworks\math\ofMatrix4x4.h(912,11): warning C4267: '인수': 'size_t'에서 'int'(으)로 변환하면서 데이터가 손실될 수 있습니다. (소스 파일 컴파일 중 src\ofApp.cpp)
C:\Users\JYJang\Desktop\univ\7\CS1\6\of_v0.12.0_vs_release\of_v0.12.0_vs_release\libs\openFrameworks\math\ofMatrix4x4.h(913,11): warning C4267: '인수': 'size_t'에서 'int'(으)로 변환하면서 데이터가 손실될 수 있습니다. (소스 파일 컴파일 중 src\ofApp.cpp)
C:\Users\JYJang\Desktop\univ\7\CS1\6\of_v0.12.0_vs_release\of_v0.12.0_vs_release\libs\openFrameworks\math\ofMatrix4x4.h(914,11): warning C4267: '인수': 'size_t'에서 'int'(으)로 변환하면서 데이터가 손실될 수 있습니다. (소스 파일 컴파일 중 src\ofApp.cpp)
C:\Users\JYJang\Desktop\univ\7\CS1\6\of_v0.12.0_vs_release\of_v0.12.0_vs_release\libs\openFrameworks\math\ofMatrix4x4.h(915,11): warning C4267: '인수': 'size_t'에서 'int'(으)로 변환하면서 데이터가 손실될 수 있습니다. (소스 파일 컴파일 중 src\ofApp.cpp)
C:\Users\JYJang\Desktop\univ\7\CS1\6\of_v0.12.0_vs_release\of_v0.12.0_vs_release\libs\openFrameworks\math\ofMatrix4x4.h(326,20): warning C4267: '인수': 'size_t'에서 'int'(으)로 변환하면서 데이터가 손실될 수 있습니다. (소스 파일 컴파일 중 src\main.cpp)
C:\Users\JYJang\Desktop\univ\7\CS1\6\of_v0.12.0_vs_release\of_v0.12.0_vs_release\libs\openFrameworks\math\ofMatrix4x4.h(331,20): warning C4267: '인수': 'size_t'에서 'int'(으)로 변환하면서 데이터가 손실될 수 있습니다. (소스 파일 컴파일 중 src\main.cpp)
C:\Users\JYJang\Desktop\univ\7\CS1\6\of_v0.12.0_vs_release\of_v0.12.0_vs_release\libs\openFrameworks\math\ofMatrix4x4.h(326,20): warning C4267: '인수': 'size_t'에서 'int'(으)로 변환하면서 데이터가 손실될 수 있습니다. (소스 파일 컴파일 중 src\polygon.cpp)
C:\Users\JYJang\Desktop\univ\7\CS1\6\of_v0.12.0_vs_release\of_v0.12.0_vs_release\libs\openFrameworks\math\ofMatrix4x4.h(331,20): warning C4267: '인수': 'size_t'에서 'int'(으)로 변환하면서 데이터가 손실될 수 있습니다. (소스 파일 컴파일 중 src\polygon.cpp)
C:\Users\JYJang\Desktop\univ\7\CS1\6\of_v0.12.0_vs_release\of_v0.12.0_vs_release\libs\openFrameworks\math\ofMatrix4x4.h(912,11): warning C4267: '인수': 'size_t'에서 'int'(으)로 변환하면서 데이터가 손실될 수 있습니다. (소스 파일 컴파일 중 src\main.cpp)
C:\Users\JYJang\Desktop\univ\7\CS1\6\of_v0.12.0_vs_release\of_v0.12.0_vs_release\libs\openFrameworks\math\ofMatrix4x4.h(913,11): warning C4267: '인수': 'size_t'에서 'int'(으)로 변환하면서 데이터가 손실될 수 있습니다. (소스 파일 컴파일 중 src\main.cpp)
C:\Users\JYJang\Desktop\univ\7\CS1\6\of_v0.12.0_vs_release\of_v0.12.0_vs_release\libs\openFrameworks\math\ofMatrix4x4.h(914,11): warning C4267: '인수': 'size_t'에서 'int'(으)로 변환하면서 데이터가 손실될 수 있습니다. (소스 파일 컴파일 중 src\main.cpp)
C:\Users\JYJang\Desktop\univ\7\CS1\6\of_v0.12.0_vs_release\of_v0.12.0_vs_release\libs\openFrameworks\math\ofMatrix4x4.h(915,11): warning C4267: '인수': 'size_t'에서 'int'(으)로 변환하면서 데이터가 손실될 수 있습니다. (소스 파일 컴파일 중 src\main.cpp)
C:\Users\JYJang\Desktop\univ\7\CS1\6\of_v0.12.0_vs_release\of_v0.12.0_vs_release\libs\openFrameworks\math\ofMatrix4x4.h(912,11): warning C4267: '인수': 'size_t'에서 'int'(으)로 변환하면서 데이터가 손실될 수 있습니다. (소스 파일 컴파일 중 src\polygon.cpp)
C:\Users\JYJang\Desktop\univ\7\CS1\6\of_v0.12.0_vs_release\of_v0.12.0_vs_release\libs\openFrameworks\math\ofMatrix4x4.h(913,11): warning C4267: '인수': 'size_t'에서 'int'(으)로 변환하면서 데이터가 손실될 수 있습니다. (소스 파일 컴파일 중 src\polygon.cpp)
C:\Users\JYJang\Desktop\univ\7\CS1\6\of_v0.12.0_vs_release\of_v0.12.0_vs_release\libs\openFrameworks\math\ofMatrix4x4.h(914,11): warning C4267: '인수': 'size_t'에서 'int'(으)로 변환하면서 데이터가 손실될 수 있습니다. (소스 파일 컴파일 중 src\polygon.cpp)
C:\Users\JYJang\Desktop\univ\7\CS1\6\of_v0.12.0_vs_release\of_v0.12.0_vs_release\libs\openFrameworks\math\ofMatrix4x4.h(915,11): warning C4267: '인수': 'size_t'에서 'int'(으)로 변환하면서 데이터가 손실될 수 있습니다. (소스 파일 컴파일 중 src\polygon.cpp)
C:\Users\JYJang\Desktop\univ\7\CS1\6\of_v0.12.0_vs_release\of_v0.12.0_vs_release\apps\myApps\prj2\src\ofApp.cpp(186,44): warning C4267: '/=': 'size_t'에서 'int'(으)로 변환하면서 데이터가 손실될 수 있습니다.
C:\Users\JYJang\Desktop\univ\7\CS1\6\of_v0.12.0_vs_release\of_v0.12.0_vs_release\apps\myApps\prj2\src\ofApp.cpp(187,44): warning C4267: '/=': 'size_t'에서 'int'(으)로 변환하면서 데이터가 손실될 수 있습니다.
C:\Users\JYJang\Desktop\univ\7\CS1\6\of_v0.12.0_vs_release\of_v0.12.0_vs_release\apps\myApps\prj2\src\polygon.cpp(61,11): warning C4267: '초기화 중': 'size_t'에서 'int'(으)로 변환하면서 데이터가 손실될 수 있습니다.
C:\Users\JYJang\Desktop\univ\7\CS1\6\of_v0.12.0_vs_release\of_v0.12.0_vs_release\apps\myApps\prj2\src\polygon.cpp(106,11): warning C4267: '초기화 중': 'size_t'에서 'int'(으)로 변환하면서 데이터가 손실될 수 있습니다.
C:\Users\JYJang\Desktop\univ\7\CS1\6\of_v0.12.0_vs_release\of_v0.12.0_vs_release\apps\myApps\prj2\src\polygon.cpp(130,23): warning C4267: '초기화 중': 'size_t'에서 'int'(으)로 변환하면서 데이터가 손실될 수 있습니다.
  LINK : /LTCG를 지정했지만 코드를 생성할 필요가 없습니다. 명령줄에서 /LTCG를 제거하면 링커 성능이 향상됩니다.
  prj2.vcxproj -> C:\Users\JYJang\Desktop\univ\7\CS1\6\of_v0.12.0_vs_release\of_v0.12.0_vs_release\apps\myApps\prj2\bin\prj2.exe
  
  	                   2	C:\Users\JYJang\Desktop\univ\7\CS1\6\of_v0.12.0_vs_release\of_v0.12.0_vs_release\libs\fmod\lib\vs\x64\
  	  *추가 파일  		 6942208	C:\Users\JYJang\Desktop\univ\7\CS1\6\of_v0.12.0_vs_release\of_v0.12.0_vs_release\apps\myApps\prj2\bin\FreeImage.dll
  
  	                   1	C:\Users\JYJang\Desktop\univ\7\CS1\6\of_v0.12.0_vs_release\of_v0.12.0_vs_release\libs\FreeImage\lib\vs\x64\
  	  *추가 파일  		 1826304	C:\Users\JYJang\Desktop\univ\7\CS1\6\of_v0.12.0_vs_release\of_v0.12.0_vs_release\apps\myApps\prj2\bin\fmod.dll
  	  *추가 파일  		 2041856	C:\Users\JYJang\Desktop\univ\7\CS1\6\of_v0.12.0_vs_release\of_v0.12.0_vs_release\apps\myApps\prj2\bin\fmodL.dll
